<?xml version="1.0" encoding="UTF-8"?>
<!-- Generated by org.testng.reporters.JUnitXMLReporter -->
<testsuite ignored="0" hostname="LAPTOP-NEH38SU5" failures="0" tests="4" name="Default test" time="11.007" errors="0" timestamp="2022-06-12T20:58:07 IST">
  <testcase classname="testJava.LoginTestClass123" name="verifuRLTest" time="0.017"/>
  <testcase classname="testJava.LoginTestClass123" name="verifyTitleTest" time="0.009"/>
  <testcase classname="testJava.LoginTestClass123" name="loginMethodTest" time="0.131"/>
  <testcase classname="testJava.LoginTestClass123" name="loginToMain" time="0.135"/>
</testsuite> <!-- Default test -->
