<?xml version="1.0" encoding="UTF-8"?>
<!-- Generated by org.testng.reporters.JUnitXMLReporter -->
<testsuite ignored="0" hostname="LAPTOP-NEH38SU5" failures="4" tests="4" name="Test" time="0.05" errors="0" timestamp="2022-06-12T23:54:33 IST">
  <testcase classname="testJava.LoginTestClass123" name="verifuRLTest" time="0.006">
    <failure type="java.lang.NullPointerException" message="Cannot invoke &amp;quot;mainJava.TestPage_Login.VerifyUrl(String)&amp;quot; because &amp;quot;this.login123&amp;quot; is null">
      <![CDATA[java.lang.NullPointerException: Cannot invoke "mainJava.TestPage_Login.VerifyUrl(String)" because "this.login123" is null
at testJava.LoginTestClass123.verifuRLTest(LoginTestClass123.java:14)
at java.base/java.util.ArrayList.forEach(ArrayList.java:1511)
... Removed 27 stack frames]]>
    </failure>
  </testcase> <!-- verifuRLTest -->
  <testcase classname="testJava.LoginTestClass123" name="verifyTitleTest" time="0.001">
    <failure type="java.lang.NullPointerException" message="Cannot invoke &amp;quot;mainJava.TestPage_Login.verifyTitle(String)&amp;quot; because &amp;quot;this.login123&amp;quot; is null">
      <![CDATA[java.lang.NullPointerException: Cannot invoke "mainJava.TestPage_Login.verifyTitle(String)" because "this.login123" is null
at testJava.LoginTestClass123.verifyTitleTest(LoginTestClass123.java:21)
at java.base/java.util.ArrayList.forEach(ArrayList.java:1511)
... Removed 27 stack frames]]>
    </failure>
  </testcase> <!-- verifyTitleTest -->
  <testcase classname="testJava.LoginTestClass123" name="loginMethodTest" time="0.0">
    <failure type="java.lang.NullPointerException" message="Cannot invoke &amp;quot;mainJava.TestPage_Login.loginMethod(String, String)&amp;quot; because &amp;quot;this.login123&amp;quot; is null">
      <![CDATA[java.lang.NullPointerException: Cannot invoke "mainJava.TestPage_Login.loginMethod(String, String)" because "this.login123" is null
at testJava.LoginTestClass123.loginMethodTest(LoginTestClass123.java:27)
at java.base/java.util.ArrayList.forEach(ArrayList.java:1511)
... Removed 27 stack frames]]>
    </failure>
  </testcase> <!-- loginMethodTest -->
  <testcase classname="testJava.LoginTestClass123" name="loginToMain" time="0.0">
    <failure type="java.lang.NullPointerException" message="Cannot invoke &amp;quot;mainJava.TestPage_Login.loginTOmain(String)&amp;quot; because &amp;quot;this.login123&amp;quot; is null">
      <![CDATA[java.lang.NullPointerException: Cannot invoke "mainJava.TestPage_Login.loginTOmain(String)" because "this.login123" is null
at testJava.LoginTestClass123.loginToMain(LoginTestClass123.java:33)
at java.base/java.util.ArrayList.forEach(ArrayList.java:1511)
... Removed 27 stack frames]]>
    </failure>
  </testcase> <!-- loginToMain -->
</testsuite> <!-- Test -->
